<?xml version="1.0" encoding="UTF-8"?>
<!-- Generated by org.testng.reporters.JUnitReportReporter -->
<testsuite hostname="DESKTOP-NIMS9DE" failures="0" tests="3" name="faceBookLogin.FaceLoginTest" time="20.777" errors="0" timestamp="2022-08-16T08:50:53 IST" skipped="0">
  <testcase classname="faceBookLogin.FaceLoginTest" name="userDetails" time="10.933"/>
  <system-out/>
  <testcase classname="faceBookLogin.FaceLoginTest" name="forgot" time="9.651"/>
  <system-out/>
  <testcase classname="faceBookLogin.FaceLoginTest" name="submit" time="0.193"/>
  <system-out/>
</testsuite> <!-- faceBookLogin.FaceLoginTest -->
