<?xml version="1.0" encoding="UTF-8"?>
<!-- Generated by org.testng.reporters.JUnitReportReporter -->
<testsuite hostname="DESKTOP-NIMS9DE" failures="0" tests="1" name="utils.BaseLogin" time="4.662" errors="0" timestamp="2022-08-15T18:46:31 IST" skipped="0">
  <testcase classname="utils.BaseLogin" name="webSetup" time="4.662"/>
  <system-out/>
</testsuite> <!-- utils.BaseLogin -->
